Sender: LSF System <lsfadmin@node4-3>
Subject: Job 4771191: <makeFASTQ.batch04.file09> in cluster <minerva> Done

Job <makeFASTQ.batch04.file09> was submitted from host <minerva4> by user <quilej01> in cluster <minerva>.
Job was executed on host(s) <node4-3>, in queue <scavenger>, as user <quilej01> in cluster <minerva>.
</hpc/users/quilej01> was used as the home directory.
</hpc/users/quilej01/HapMap_RNASeq/example_dataset_github/qu_cmd> was used as the working directory.
Started at Fri Sep 19 16:56:38 2014
Results reported on Fri Sep 19 16:58:01 2014

Your job looked like:

------------------------------------------------------------
# LSBATCH: User input
/hpc/users/quilej01/HapMap_RNASeq/example_dataset_github/qu_cmd/generate.batch04.file09.sh
------------------------------------------------------------

Successfully completed.

Resource usage summary:

    CPU time :                                   82.88 sec.
    Max Memory :                                 23 MB
    Average Memory :                             4.00 MB
    Total Requested Memory :                     2000.00 MB
    Delta Memory :                               1977.00 MB
    Max Processes :                              5
    Max Threads :                                6

The output (if any) follows:

